#-----------------------------------------------------------
# Vivado v2017.1 (64-bit)
# SW Build 1846317 on Fri Apr 14 18:54:47 MDT 2017
# IP Build 1846188 on Fri Apr 14 20:52:08 MDT 2017
# Start of session at: Fri Mar 15 12:13:07 2019
# Process ID: 1559
# Current directory: /home/deki/master/cgra-me-evaluation/cgra-me-1.0.1/doc
# Command line: vivado
# Log file: /home/deki/master/cgra-me-evaluation/cgra-me-1.0.1/doc/vivado.log
# Journal file: /home/deki/master/cgra-me-evaluation/cgra-me-1.0.1/doc/vivado.jou
#-----------------------------------------------------------
start_gui
open_project /home/deki/Downloads/hsos/gtwizard_0_ex/gtwizard_0_ex.xpr
Scanning sources...
Finished scanning sources
INFO: [IP_Flow 19-234] Refreshing IP repositories
INFO: [IP_Flow 19-1704] No user IP repositories specified
INFO: [IP_Flow 19-2313] Loaded Vivado IP repository '/opt/Xilinx/Vivado/2017.1/data/ip'.
update_compile_order -fileset sources_1
exit
INFO: [Common 17-206] Exiting Vivado at Fri Mar 15 16:37:29 2019...
